This file contains any messages produced by compilers while
running configure, to aid debugging if configure makes a mistake.

It was created by configure, which was
generated by GNU Autoconf 2.69.  Invocation command line was

  $ ./configure --no-create --no-recursion

## --------- ##
## Platform. ##
## --------- ##

hostname = LAPTOP-BRUNO-BU
uname -m = x86_64
uname -r = 3.4.0+
uname -s = Linux
uname -v = #1 PREEMPT Thu Aug 1 17:06:05 CST 2013

/usr/bin/uname -p = unknown
/bin/uname -X     = unknown

/bin/arch              = unknown
/usr/bin/arch -k       = unknown
/usr/convex/getsysinfo = unknown
/usr/bin/hostinfo      = unknown
/bin/machine           = unknown
/usr/bin/oslevel       = unknown
/bin/universe          = unknown

PATH: /usr/local/sbin
PATH: /usr/local/bin
PATH: /usr/sbin
PATH: /usr/bin
PATH: /sbin
PATH: /bin


## ----------- ##
## Core tests. ##
## ----------- ##

configure:2304: checking for a BSD-compatible install
configure:2372: result: /usr/bin/install -c
configure:2383: checking whether build environment is sane
configure:2438: result: yes
configure:2589: checking for a thread-safe mkdir -p
configure:2628: result: /bin/mkdir -p
configure:2635: checking for gawk
configure:2651: found /usr/bin/gawk
configure:2662: result: gawk
configure:2673: checking whether make sets $(MAKE)
configure:2695: result: yes
configure:2724: checking whether make supports nested variables
configure:2741: result: yes
configure:2880: checking build system type
configure:2894: result: x86_64-unknown-linux-gnu
configure:2914: checking host system type
configure:2927: result: x86_64-unknown-linux-gnu
configure:2997: checking for gcc
configure:3013: found /usr/bin/gcc
configure:3024: result: gcc
configure:3253: checking for C compiler version
configure:3262: gcc --version >&5
gcc (Ubuntu 4.8.4-2ubuntu1~14.04.3) 4.8.4
Copyright (C) 2013 Free Software Foundation, Inc.
This is free software; see the source for copying conditions.  There is NO
warranty; not even for MERCHANTABILITY or FITNESS FOR A PARTICULAR PURPOSE.

configure:3273: $? = 0
configure:3262: gcc -v >&5
Using built-in specs.
COLLECT_GCC=gcc
COLLECT_LTO_WRAPPER=/usr/lib/gcc/x86_64-linux-gnu/4.8/lto-wrapper
Target: x86_64-linux-gnu
Configured with: ../src/configure -v --with-pkgversion='Ubuntu 4.8.4-2ubuntu1~14.04.3' --with-bugurl=file:///usr/share/doc/gcc-4.8/README.Bugs --enable-languages=c,c++,java,go,d,fortran,objc,obj-c++ --prefix=/usr --program-suffix=-4.8 --enable-shared --enable-linker-build-id --libexecdir=/usr/lib --without-included-gettext --enable-threads=posix --with-gxx-include-dir=/usr/include/c++/4.8 --libdir=/usr/lib --enable-nls --with-sysroot=/ --enable-clocale=gnu --enable-libstdcxx-debug --enable-libstdcxx-time=yes --enable-gnu-unique-object --disable-libmudflap --enable-plugin --with-system-zlib --disable-browser-plugin --enable-java-awt=gtk --enable-gtk-cairo --with-java-home=/usr/lib/jvm/java-1.5.0-gcj-4.8-amd64/jre --enable-java-home --with-jvm-root-dir=/usr/lib/jvm/java-1.5.0-gcj-4.8-amd64 --with-jvm-jar-dir=/usr/lib/jvm-exports/java-1.5.0-gcj-4.8-amd64 --with-arch-directory=amd64 --with-ecj-jar=/usr/share/java/eclipse-ecj.jar --enable-objc-gc --enable-multiarch --disable-werror --with-arch-32=i686 --with-abi=m64 --with-multilib-list=m32,m64,mx32 --with-tune=generic --enable-checking=release --build=x86_64-linux-gnu --host=x86_64-linux-gnu --target=x86_64-linux-gnu
Thread model: posix
gcc version 4.8.4 (Ubuntu 4.8.4-2ubuntu1~14.04.3) 
configure:3273: $? = 0
configure:3262: gcc -V >&5
gcc: error: unrecognized command line option '-V'
gcc: fatal error: no input files
compilation terminated.
configure:3273: $? = 4
configure:3262: gcc -qversion >&5
gcc: error: unrecognized command line option '-qversion'
gcc: fatal error: no input files
compilation terminated.
configure:3273: $? = 4
configure:3293: checking whether the C compiler works
configure:3315: gcc    conftest.c  >&5
configure:3319: $? = 0
configure:3367: result: yes
configure:3370: checking for C compiler default output file name
configure:3372: result: a.out
configure:3378: checking for suffix of executables
configure:3385: gcc -o conftest    conftest.c  >&5
configure:3389: $? = 0
configure:3411: result: 
configure:3433: checking whether we are cross compiling
configure:3441: gcc -o conftest    conftest.c  >&5
configure:3445: $? = 0
configure:3452: ./conftest
configure:3456: $? = 0
configure:3471: result: no
configure:3476: checking for suffix of object files
configure:3498: gcc -c   conftest.c >&5
configure:3502: $? = 0
configure:3523: result: o
configure:3527: checking whether we are using the GNU C compiler
configure:3546: gcc -c   conftest.c >&5
configure:3546: $? = 0
configure:3555: result: yes
configure:3564: checking whether gcc accepts -g
configure:3584: gcc -c -g  conftest.c >&5
configure:3584: $? = 0
configure:3625: result: yes
configure:3642: checking for gcc option to accept ISO C89
configure:3705: gcc  -c -g -O2  conftest.c >&5
configure:3705: $? = 0
configure:3718: result: none needed
configure:3743: checking whether gcc understands -c and -o together
configure:3765: gcc -c conftest.c -o conftest2.o
configure:3768: $? = 0
configure:3765: gcc -c conftest.c -o conftest2.o
configure:3768: $? = 0
configure:3780: result: yes
configure:3808: checking for style of include used by make
configure:3836: result: GNU
configure:3862: checking dependency style of gcc
configure:3973: result: gcc3
configure:3996: checking how to run the C preprocessor
configure:4027: gcc -E  conftest.c
configure:4027: $? = 0
configure:4041: gcc -E  conftest.c
conftest.c:11:28: fatal error: ac_nonexistent.h: No such file or directory
 #include <ac_nonexistent.h>
                            ^
compilation terminated.
configure:4041: $? = 1
configure: failed program was:
| /* confdefs.h */
| #define PACKAGE_NAME ""
| #define PACKAGE_TARNAME ""
| #define PACKAGE_VERSION ""
| #define PACKAGE_STRING ""
| #define PACKAGE_BUGREPORT ""
| #define PACKAGE_URL ""
| #define PACKAGE "tp_automated_watering"
| #define VERSION "0.1.0"
| /* end confdefs.h.  */
| #include <ac_nonexistent.h>
configure:4066: result: gcc -E
configure:4086: gcc -E  conftest.c
configure:4086: $? = 0
configure:4100: gcc -E  conftest.c
conftest.c:11:28: fatal error: ac_nonexistent.h: No such file or directory
 #include <ac_nonexistent.h>
                            ^
compilation terminated.
configure:4100: $? = 1
configure: failed program was:
| /* confdefs.h */
| #define PACKAGE_NAME ""
| #define PACKAGE_TARNAME ""
| #define PACKAGE_VERSION ""
| #define PACKAGE_STRING ""
| #define PACKAGE_BUGREPORT ""
| #define PACKAGE_URL ""
| #define PACKAGE "tp_automated_watering"
| #define VERSION "0.1.0"
| /* end confdefs.h.  */
| #include <ac_nonexistent.h>
configure:4129: checking for grep that handles long lines and -e
configure:4187: result: /bin/grep
configure:4192: checking for egrep
configure:4254: result: /bin/grep -E
configure:4259: checking for ANSI C header files
configure:4279: gcc -c -g -O2  conftest.c >&5
configure:4279: $? = 0
configure:4352: gcc -o conftest -g -O2   conftest.c  >&5
configure:4352: $? = 0
configure:4352: ./conftest
configure:4352: $? = 0
configure:4363: result: yes
configure:4376: checking for sys/types.h
configure:4376: gcc -c -g -O2  conftest.c >&5
configure:4376: $? = 0
configure:4376: result: yes
configure:4376: checking for sys/stat.h
configure:4376: gcc -c -g -O2  conftest.c >&5
configure:4376: $? = 0
configure:4376: result: yes
configure:4376: checking for stdlib.h
configure:4376: gcc -c -g -O2  conftest.c >&5
configure:4376: $? = 0
configure:4376: result: yes
configure:4376: checking for string.h
configure:4376: gcc -c -g -O2  conftest.c >&5
configure:4376: $? = 0
configure:4376: result: yes
configure:4376: checking for memory.h
configure:4376: gcc -c -g -O2  conftest.c >&5
configure:4376: $? = 0
configure:4376: result: yes
configure:4376: checking for strings.h
configure:4376: gcc -c -g -O2  conftest.c >&5
configure:4376: $? = 0
configure:4376: result: yes
configure:4376: checking for inttypes.h
configure:4376: gcc -c -g -O2  conftest.c >&5
configure:4376: $? = 0
configure:4376: result: yes
configure:4376: checking for stdint.h
configure:4376: gcc -c -g -O2  conftest.c >&5
configure:4376: $? = 0
configure:4376: result: yes
configure:4376: checking for unistd.h
configure:4376: gcc -c -g -O2  conftest.c >&5
configure:4376: $? = 0
configure:4376: result: yes
configure:4391: checking for unistd.h
configure:4391: result: yes
configure:4391: checking sys/param.h usability
configure:4391: gcc -c -g -O2  conftest.c >&5
configure:4391: $? = 0
configure:4391: result: yes
configure:4391: checking sys/param.h presence
configure:4391: gcc -E  conftest.c
configure:4391: $? = 0
configure:4391: result: yes
configure:4391: checking for sys/param.h
configure:4391: result: yes
configure:4391: checking sys/time.h usability
configure:4391: gcc -c -g -O2  conftest.c >&5
configure:4391: $? = 0
configure:4391: result: yes
configure:4391: checking sys/time.h presence
configure:4391: gcc -E  conftest.c
configure:4391: $? = 0
configure:4391: result: yes
configure:4391: checking for sys/time.h
configure:4391: result: yes
configure:4391: checking time.h usability
configure:4391: gcc -c -g -O2  conftest.c >&5
configure:4391: $? = 0
configure:4391: result: yes
configure:4391: checking time.h presence
configure:4391: gcc -E  conftest.c
configure:4391: $? = 0
configure:4391: result: yes
configure:4391: checking for time.h
configure:4391: result: yes
configure:4391: checking sys/mkdev.h usability
configure:4391: gcc -c -g -O2  conftest.c >&5
conftest.c:58:23: fatal error: sys/mkdev.h: No such file or directory
 #include <sys/mkdev.h>
                       ^
compilation terminated.
configure:4391: $? = 1
configure: failed program was:
| /* confdefs.h */
| #define PACKAGE_NAME ""
| #define PACKAGE_TARNAME ""
| #define PACKAGE_VERSION ""
| #define PACKAGE_STRING ""
| #define PACKAGE_BUGREPORT ""
| #define PACKAGE_URL ""
| #define PACKAGE "tp_automated_watering"
| #define VERSION "0.1.0"
| #define STDC_HEADERS 1
| #define HAVE_SYS_TYPES_H 1
| #define HAVE_SYS_STAT_H 1
| #define HAVE_STDLIB_H 1
| #define HAVE_STRING_H 1
| #define HAVE_MEMORY_H 1
| #define HAVE_STRINGS_H 1
| #define HAVE_INTTYPES_H 1
| #define HAVE_STDINT_H 1
| #define HAVE_UNISTD_H 1
| #define HAVE_UNISTD_H 1
| #define HAVE_SYS_PARAM_H 1
| #define HAVE_SYS_TIME_H 1
| #define HAVE_TIME_H 1
| /* end confdefs.h.  */
| #include <stdio.h>
| #ifdef HAVE_SYS_TYPES_H
| # include <sys/types.h>
| #endif
| #ifdef HAVE_SYS_STAT_H
| # include <sys/stat.h>
| #endif
| #ifdef STDC_HEADERS
| # include <stdlib.h>
| # include <stddef.h>
| #else
| # ifdef HAVE_STDLIB_H
| #  include <stdlib.h>
| # endif
| #endif
| #ifdef HAVE_STRING_H
| # if !defined STDC_HEADERS && defined HAVE_MEMORY_H
| #  include <memory.h>
| # endif
| # include <string.h>
| #endif
| #ifdef HAVE_STRINGS_H
| # include <strings.h>
| #endif
| #ifdef HAVE_INTTYPES_H
| # include <inttypes.h>
| #endif
| #ifdef HAVE_STDINT_H
| # include <stdint.h>
| #endif
| #ifdef HAVE_UNISTD_H
| # include <unistd.h>
| #endif
| #include <sys/mkdev.h>
configure:4391: result: no
configure:4391: checking sys/mkdev.h presence
configure:4391: gcc -E  conftest.c
conftest.c:25:23: fatal error: sys/mkdev.h: No such file or directory
 #include <sys/mkdev.h>
                       ^
compilation terminated.
configure:4391: $? = 1
configure: failed program was:
| /* confdefs.h */
| #define PACKAGE_NAME ""
| #define PACKAGE_TARNAME ""
| #define PACKAGE_VERSION ""
| #define PACKAGE_STRING ""
| #define PACKAGE_BUGREPORT ""
| #define PACKAGE_URL ""
| #define PACKAGE "tp_automated_watering"
| #define VERSION "0.1.0"
| #define STDC_HEADERS 1
| #define HAVE_SYS_TYPES_H 1
| #define HAVE_SYS_STAT_H 1
| #define HAVE_STDLIB_H 1
| #define HAVE_STRING_H 1
| #define HAVE_MEMORY_H 1
| #define HAVE_STRINGS_H 1
| #define HAVE_INTTYPES_H 1
| #define HAVE_STDINT_H 1
| #define HAVE_UNISTD_H 1
| #define HAVE_UNISTD_H 1
| #define HAVE_SYS_PARAM_H 1
| #define HAVE_SYS_TIME_H 1
| #define HAVE_TIME_H 1
| /* end confdefs.h.  */
| #include <sys/mkdev.h>
configure:4391: result: no
configure:4391: checking for sys/mkdev.h
configure:4391: result: no
configure:4391: checking sys/sysmacros.h usability
configure:4391: gcc -c -g -O2  conftest.c >&5
configure:4391: $? = 0
configure:4391: result: yes
configure:4391: checking sys/sysmacros.h presence
configure:4391: gcc -E  conftest.c
configure:4391: $? = 0
configure:4391: result: yes
configure:4391: checking for sys/sysmacros.h
configure:4391: result: yes
configure:4391: checking for string.h
configure:4391: result: yes
configure:4391: checking for memory.h
configure:4391: result: yes
configure:4391: checking fcntl.h usability
configure:4391: gcc -c -g -O2  conftest.c >&5
configure:4391: $? = 0
configure:4391: result: yes
configure:4391: checking fcntl.h presence
configure:4391: gcc -E  conftest.c
configure:4391: $? = 0
configure:4391: result: yes
configure:4391: checking for fcntl.h
configure:4391: result: yes
configure:4391: checking dirent.h usability
configure:4391: gcc -c -g -O2  conftest.c >&5
configure:4391: $? = 0
configure:4391: result: yes
configure:4391: checking dirent.h presence
configure:4391: gcc -E  conftest.c
configure:4391: $? = 0
configure:4391: result: yes
configure:4391: checking for dirent.h
configure:4391: result: yes
configure:4391: checking sys/ndir.h usability
configure:4391: gcc -c -g -O2  conftest.c >&5
conftest.c:63:22: fatal error: sys/ndir.h: No such file or directory
 #include <sys/ndir.h>
                      ^
compilation terminated.
configure:4391: $? = 1
configure: failed program was:
| /* confdefs.h */
| #define PACKAGE_NAME ""
| #define PACKAGE_TARNAME ""
| #define PACKAGE_VERSION ""
| #define PACKAGE_STRING ""
| #define PACKAGE_BUGREPORT ""
| #define PACKAGE_URL ""
| #define PACKAGE "tp_automated_watering"
| #define VERSION "0.1.0"
| #define STDC_HEADERS 1
| #define HAVE_SYS_TYPES_H 1
| #define HAVE_SYS_STAT_H 1
| #define HAVE_STDLIB_H 1
| #define HAVE_STRING_H 1
| #define HAVE_MEMORY_H 1
| #define HAVE_STRINGS_H 1
| #define HAVE_INTTYPES_H 1
| #define HAVE_STDINT_H 1
| #define HAVE_UNISTD_H 1
| #define HAVE_UNISTD_H 1
| #define HAVE_SYS_PARAM_H 1
| #define HAVE_SYS_TIME_H 1
| #define HAVE_TIME_H 1
| #define HAVE_SYS_SYSMACROS_H 1
| #define HAVE_STRING_H 1
| #define HAVE_MEMORY_H 1
| #define HAVE_FCNTL_H 1
| #define HAVE_DIRENT_H 1
| /* end confdefs.h.  */
| #include <stdio.h>
| #ifdef HAVE_SYS_TYPES_H
| # include <sys/types.h>
| #endif
| #ifdef HAVE_SYS_STAT_H
| # include <sys/stat.h>
| #endif
| #ifdef STDC_HEADERS
| # include <stdlib.h>
| # include <stddef.h>
| #else
| # ifdef HAVE_STDLIB_H
| #  include <stdlib.h>
| # endif
| #endif
| #ifdef HAVE_STRING_H
| # if !defined STDC_HEADERS && defined HAVE_MEMORY_H
| #  include <memory.h>
| # endif
| # include <string.h>
| #endif
| #ifdef HAVE_STRINGS_H
| # include <strings.h>
| #endif
| #ifdef HAVE_INTTYPES_H
| # include <inttypes.h>
| #endif
| #ifdef HAVE_STDINT_H
| # include <stdint.h>
| #endif
| #ifdef HAVE_UNISTD_H
| # include <unistd.h>
| #endif
| #include <sys/ndir.h>
configure:4391: result: no
configure:4391: checking sys/ndir.h presence
configure:4391: gcc -E  conftest.c
conftest.c:30:22: fatal error: sys/ndir.h: No such file or directory
 #include <sys/ndir.h>
                      ^
compilation terminated.
configure:4391: $? = 1
configure: failed program was:
| /* confdefs.h */
| #define PACKAGE_NAME ""
| #define PACKAGE_TARNAME ""
| #define PACKAGE_VERSION ""
| #define PACKAGE_STRING ""
| #define PACKAGE_BUGREPORT ""
| #define PACKAGE_URL ""
| #define PACKAGE "tp_automated_watering"
| #define VERSION "0.1.0"
| #define STDC_HEADERS 1
| #define HAVE_SYS_TYPES_H 1
| #define HAVE_SYS_STAT_H 1
| #define HAVE_STDLIB_H 1
| #define HAVE_STRING_H 1
| #define HAVE_MEMORY_H 1
| #define HAVE_STRINGS_H 1
| #define HAVE_INTTYPES_H 1
| #define HAVE_STDINT_H 1
| #define HAVE_UNISTD_H 1
| #define HAVE_UNISTD_H 1
| #define HAVE_SYS_PARAM_H 1
| #define HAVE_SYS_TIME_H 1
| #define HAVE_TIME_H 1
| #define HAVE_SYS_SYSMACROS_H 1
| #define HAVE_STRING_H 1
| #define HAVE_MEMORY_H 1
| #define HAVE_FCNTL_H 1
| #define HAVE_DIRENT_H 1
| /* end confdefs.h.  */
| #include <sys/ndir.h>
configure:4391: result: no
configure:4391: checking for sys/ndir.h
configure:4391: result: no
configure:4391: checking ndir.h usability
configure:4391: gcc -c -g -O2  conftest.c >&5
conftest.c:63:18: fatal error: ndir.h: No such file or directory
 #include <ndir.h>
                  ^
compilation terminated.
configure:4391: $? = 1
configure: failed program was:
| /* confdefs.h */
| #define PACKAGE_NAME ""
| #define PACKAGE_TARNAME ""
| #define PACKAGE_VERSION ""
| #define PACKAGE_STRING ""
| #define PACKAGE_BUGREPORT ""
| #define PACKAGE_URL ""
| #define PACKAGE "tp_automated_watering"
| #define VERSION "0.1.0"
| #define STDC_HEADERS 1
| #define HAVE_SYS_TYPES_H 1
| #define HAVE_SYS_STAT_H 1
| #define HAVE_STDLIB_H 1
| #define HAVE_STRING_H 1
| #define HAVE_MEMORY_H 1
| #define HAVE_STRINGS_H 1
| #define HAVE_INTTYPES_H 1
| #define HAVE_STDINT_H 1
| #define HAVE_UNISTD_H 1
| #define HAVE_UNISTD_H 1
| #define HAVE_SYS_PARAM_H 1
| #define HAVE_SYS_TIME_H 1
| #define HAVE_TIME_H 1
| #define HAVE_SYS_SYSMACROS_H 1
| #define HAVE_STRING_H 1
| #define HAVE_MEMORY_H 1
| #define HAVE_FCNTL_H 1
| #define HAVE_DIRENT_H 1
| /* end confdefs.h.  */
| #include <stdio.h>
| #ifdef HAVE_SYS_TYPES_H
| # include <sys/types.h>
| #endif
| #ifdef HAVE_SYS_STAT_H
| # include <sys/stat.h>
| #endif
| #ifdef STDC_HEADERS
| # include <stdlib.h>
| # include <stddef.h>
| #else
| # ifdef HAVE_STDLIB_H
| #  include <stdlib.h>
| # endif
| #endif
| #ifdef HAVE_STRING_H
| # if !defined STDC_HEADERS && defined HAVE_MEMORY_H
| #  include <memory.h>
| # endif
| # include <string.h>
| #endif
| #ifdef HAVE_STRINGS_H
| # include <strings.h>
| #endif
| #ifdef HAVE_INTTYPES_H
| # include <inttypes.h>
| #endif
| #ifdef HAVE_STDINT_H
| # include <stdint.h>
| #endif
| #ifdef HAVE_UNISTD_H
| # include <unistd.h>
| #endif
| #include <ndir.h>
configure:4391: result: no
configure:4391: checking ndir.h presence
configure:4391: gcc -E  conftest.c
conftest.c:30:18: fatal error: ndir.h: No such file or directory
 #include <ndir.h>
                  ^
compilation terminated.
configure:4391: $? = 1
configure: failed program was:
| /* confdefs.h */
| #define PACKAGE_NAME ""
| #define PACKAGE_TARNAME ""
| #define PACKAGE_VERSION ""
| #define PACKAGE_STRING ""
| #define PACKAGE_BUGREPORT ""
| #define PACKAGE_URL ""
| #define PACKAGE "tp_automated_watering"
| #define VERSION "0.1.0"
| #define STDC_HEADERS 1
| #define HAVE_SYS_TYPES_H 1
| #define HAVE_SYS_STAT_H 1
| #define HAVE_STDLIB_H 1
| #define HAVE_STRING_H 1
| #define HAVE_MEMORY_H 1
| #define HAVE_STRINGS_H 1
| #define HAVE_INTTYPES_H 1
| #define HAVE_STDINT_H 1
| #define HAVE_UNISTD_H 1
| #define HAVE_UNISTD_H 1
| #define HAVE_SYS_PARAM_H 1
| #define HAVE_SYS_TIME_H 1
| #define HAVE_TIME_H 1
| #define HAVE_SYS_SYSMACROS_H 1
| #define HAVE_STRING_H 1
| #define HAVE_MEMORY_H 1
| #define HAVE_FCNTL_H 1
| #define HAVE_DIRENT_H 1
| /* end confdefs.h.  */
| #include <ndir.h>
configure:4391: result: no
configure:4391: checking for ndir.h
configure:4391: result: no
configure:4391: checking alloca.h usability
configure:4391: gcc -c -g -O2  conftest.c >&5
configure:4391: $? = 0
configure:4391: result: yes
configure:4391: checking alloca.h presence
configure:4391: gcc -E  conftest.c
configure:4391: $? = 0
configure:4391: result: yes
configure:4391: checking for alloca.h
configure:4391: result: yes
configure:4391: checking locale.h usability
configure:4391: gcc -c -g -O2  conftest.c >&5
configure:4391: $? = 0
configure:4391: result: yes
configure:4391: checking locale.h presence
configure:4391: gcc -E  conftest.c
configure:4391: $? = 0
configure:4391: result: yes
configure:4391: checking for locale.h
configure:4391: result: yes
configure:4402: checking whether time.h and sys/time.h may both be included
configure:4422: gcc -c -g -O2  conftest.c >&5
configure:4422: $? = 0
configure:4429: result: yes
configure:4440: checking utime.h usability
configure:4440: gcc -c -g -O2  conftest.c >&5
configure:4440: $? = 0
configure:4440: result: yes
configure:4440: checking utime.h presence
configure:4440: gcc -E  conftest.c
configure:4440: $? = 0
configure:4440: result: yes
configure:4440: checking for utime.h
configure:4440: result: yes
configure:4451: checking for struct utimbuf
configure:4481: gcc -c -g -O2  conftest.c >&5
configure:4481: $? = 0
configure:4489: result: yes
configure:4500: checking whether sys/types.h defines makedev
configure:4516: gcc -o conftest -g -O2   conftest.c  >&5
configure:4516: $? = 0
configure:4525: result: yes
configure:4550: checking for size_t
configure:4550: gcc -c -g -O2  conftest.c >&5
configure:4550: $? = 0
configure:4550: gcc -c -g -O2  conftest.c >&5
conftest.c: In function 'main':
conftest.c:71:21: error: expected expression before ')' token
 if (sizeof ((size_t)))
                     ^
configure:4550: $? = 1
configure: failed program was:
| /* confdefs.h */
| #define PACKAGE_NAME ""
| #define PACKAGE_TARNAME ""
| #define PACKAGE_VERSION ""
| #define PACKAGE_STRING ""
| #define PACKAGE_BUGREPORT ""
| #define PACKAGE_URL ""
| #define PACKAGE "tp_automated_watering"
| #define VERSION "0.1.0"
| #define STDC_HEADERS 1
| #define HAVE_SYS_TYPES_H 1
| #define HAVE_SYS_STAT_H 1
| #define HAVE_STDLIB_H 1
| #define HAVE_STRING_H 1
| #define HAVE_MEMORY_H 1
| #define HAVE_STRINGS_H 1
| #define HAVE_INTTYPES_H 1
| #define HAVE_STDINT_H 1
| #define HAVE_UNISTD_H 1
| #define HAVE_UNISTD_H 1
| #define HAVE_SYS_PARAM_H 1
| #define HAVE_SYS_TIME_H 1
| #define HAVE_TIME_H 1
| #define HAVE_SYS_SYSMACROS_H 1
| #define HAVE_STRING_H 1
| #define HAVE_MEMORY_H 1
| #define HAVE_FCNTL_H 1
| #define HAVE_DIRENT_H 1
| #define HAVE_ALLOCA_H 1
| #define HAVE_LOCALE_H 1
| #define TIME_WITH_SYS_TIME 1
| #define HAVE_UTIME_H 1
| #define HAVE_STRUCT_UTIMBUF 1
| /* end confdefs.h.  */
| #include <stdio.h>
| #ifdef HAVE_SYS_TYPES_H
| # include <sys/types.h>
| #endif
| #ifdef HAVE_SYS_STAT_H
| # include <sys/stat.h>
| #endif
| #ifdef STDC_HEADERS
| # include <stdlib.h>
| # include <stddef.h>
| #else
| # ifdef HAVE_STDLIB_H
| #  include <stdlib.h>
| # endif
| #endif
| #ifdef HAVE_STRING_H
| # if !defined STDC_HEADERS && defined HAVE_MEMORY_H
| #  include <memory.h>
| # endif
| # include <string.h>
| #endif
| #ifdef HAVE_STRINGS_H
| # include <strings.h>
| #endif
| #ifdef HAVE_INTTYPES_H
| # include <inttypes.h>
| #endif
| #ifdef HAVE_STDINT_H
| # include <stdint.h>
| #endif
| #ifdef HAVE_UNISTD_H
| # include <unistd.h>
| #endif
| int
| main ()
| {
| if (sizeof ((size_t)))
| 	    return 0;
|   ;
|   return 0;
| }
configure:4550: result: yes
configure:4563: checking for working alloca.h
configure:4580: gcc -o conftest -g -O2   conftest.c  >&5
configure:4580: $? = 0
configure:4588: result: yes
configure:4596: checking for alloca
configure:4633: gcc -o conftest -g -O2   conftest.c  >&5
configure:4633: $? = 0
configure:4641: result: yes
configure:4747: checking whether struct tm is in sys/time.h or time.h
configure:4767: gcc -c -g -O2  conftest.c >&5
configure:4767: $? = 0
configure:4774: result: time.h
configure:4782: checking for struct stat.st_blocks
configure:4782: gcc -c -g -O2  conftest.c >&5
configure:4782: $? = 0
configure:4782: result: yes
configure:4805: checking for dirent.h that defines DIR
configure:4824: gcc -c -g -O2  conftest.c >&5
configure:4824: $? = 0
configure:4832: result: yes
configure:4845: checking for library containing opendir
configure:4876: gcc -o conftest -g -O2   conftest.c  >&5
configure:4876: $? = 0
configure:4893: result: none required
configure:4960: checking whether closedir returns void
configure:4984: gcc -o conftest -g -O2   conftest.c  >&5
configure:4984: $? = 0
configure:4984: ./conftest
configure:4984: $? = 0
configure:4994: result: no
configure:5004: checking for mkfifo
configure:5004: gcc -o conftest -g -O2   conftest.c  >&5
configure:5004: $? = 0
configure:5004: result: yes
configure:5013: checking for mknod
configure:5013: gcc -o conftest -g -O2   conftest.c  >&5
configure:5013: $? = 0
configure:5013: result: yes
configure:5018: checking argp.h usability
configure:5018: gcc -c -g -O2  conftest.c >&5
configure:5018: $? = 0
configure:5018: result: yes
configure:5018: checking argp.h presence
configure:5018: gcc -E  conftest.c
configure:5018: $? = 0
configure:5018: result: yes
configure:5018: checking for argp.h
configure:5018: result: yes
configure:5139: checking that generated files are newer than configure
configure:5145: result: done
configure:5168: creating ./config.status

## ---------------- ##
## Cache variables. ##
## ---------------- ##

ac_cv_build=x86_64-unknown-linux-gnu
ac_cv_c_compiler_gnu=yes
ac_cv_env_CC_set=
ac_cv_env_CC_value=
ac_cv_env_CFLAGS_set=
ac_cv_env_CFLAGS_value=
ac_cv_env_CPPFLAGS_set=
ac_cv_env_CPPFLAGS_value=
ac_cv_env_CPP_set=
ac_cv_env_CPP_value=
ac_cv_env_LDFLAGS_set=
ac_cv_env_LDFLAGS_value=
ac_cv_env_LIBS_set=
ac_cv_env_LIBS_value=
ac_cv_env_build_alias_set=
ac_cv_env_build_alias_value=
ac_cv_env_host_alias_set=
ac_cv_env_host_alias_value=
ac_cv_env_target_alias_set=
ac_cv_env_target_alias_value=
ac_cv_func_alloca_works=yes
ac_cv_func_closedir_void=no
ac_cv_func_mkfifo=yes
ac_cv_func_mknod=yes
ac_cv_header_alloca_h=yes
ac_cv_header_argp_h=yes
ac_cv_header_dirent_dirent_h=yes
ac_cv_header_dirent_h=yes
ac_cv_header_fcntl_h=yes
ac_cv_header_inttypes_h=yes
ac_cv_header_locale_h=yes
ac_cv_header_memory_h=yes
ac_cv_header_ndir_h=no
ac_cv_header_stdc=yes
ac_cv_header_stdint_h=yes
ac_cv_header_stdlib_h=yes
ac_cv_header_string_h=yes
ac_cv_header_strings_h=yes
ac_cv_header_sys_mkdev_h=no
ac_cv_header_sys_ndir_h=no
ac_cv_header_sys_param_h=yes
ac_cv_header_sys_stat_h=yes
ac_cv_header_sys_sysmacros_h=yes
ac_cv_header_sys_time_h=yes
ac_cv_header_sys_types_h=yes
ac_cv_header_sys_types_h_makedev=yes
ac_cv_header_time=yes
ac_cv_header_time_h=yes
ac_cv_header_unistd_h=yes
ac_cv_header_utime_h=yes
ac_cv_host=x86_64-unknown-linux-gnu
ac_cv_member_struct_stat_st_blocks=yes
ac_cv_objext=o
ac_cv_path_EGREP='/bin/grep -E'
ac_cv_path_GREP=/bin/grep
ac_cv_path_install='/usr/bin/install -c'
ac_cv_path_mkdir=/bin/mkdir
ac_cv_prog_AWK=gawk
ac_cv_prog_CPP='gcc -E'
ac_cv_prog_ac_ct_CC=gcc
ac_cv_prog_cc_c89=
ac_cv_prog_cc_g=yes
ac_cv_prog_make_make_set=yes
ac_cv_search_opendir='none required'
ac_cv_struct_tm=time.h
ac_cv_type_size_t=yes
ac_cv_working_alloca_h=yes
am_cv_CC_dependencies_compiler_type=gcc3
am_cv_make_support_nested_variables=yes
am_cv_prog_cc_c_o=yes
fu_cv_sys_struct_utimbuf=yes

## ----------------- ##
## Output variables. ##
## ----------------- ##

ACLOCAL='${SHELL} /mnt/d/Projets/tp_automated_watering/missing aclocal-1.14'
ALLOCA=''
AMDEPBACKSLASH='\'
AMDEP_FALSE='#'
AMDEP_TRUE=''
AMTAR='$${TAR-tar}'
AM_BACKSLASH='\'
AM_DEFAULT_V='$(AM_DEFAULT_VERBOSITY)'
AM_DEFAULT_VERBOSITY='1'
AM_V='$(V)'
AUTOCONF='${SHELL} /mnt/d/Projets/tp_automated_watering/missing autoconf'
AUTOHEADER='${SHELL} /mnt/d/Projets/tp_automated_watering/missing autoheader'
AUTOMAKE='${SHELL} /mnt/d/Projets/tp_automated_watering/missing automake-1.14'
AWK='gawk'
CC='gcc'
CCDEPMODE='depmode=gcc3'
CFLAGS='-g -O2'
CPP='gcc -E'
CPPFLAGS=''
CYGPATH_W='echo'
DEFS='-DHAVE_CONFIG_H'
DEPDIR='.deps'
ECHO_C=''
ECHO_N='-n'
ECHO_T=''
EGREP='/bin/grep -E'
EXEEXT=''
GREP='/bin/grep'
INSTALL_DATA='${INSTALL} -m 644'
INSTALL_PROGRAM='${INSTALL}'
INSTALL_SCRIPT='${INSTALL}'
INSTALL_STRIP_PROGRAM='$(install_sh) -c -s'
ISODATE='2016-11-09'
LDFLAGS=''
LIBOBJS=''
LIBS=''
LTLIBOBJS=''
MAKEINFO='${SHELL} /mnt/d/Projets/tp_automated_watering/missing makeinfo'
MKDIR_P='/bin/mkdir -p'
OBJEXT='o'
PACKAGE='tp_automated_watering'
PACKAGE_BUGREPORT=''
PACKAGE_NAME=''
PACKAGE_STRING=''
PACKAGE_TARNAME=''
PACKAGE_URL=''
PACKAGE_VERSION=''
PATH_SEPARATOR=':'
SET_MAKE=''
SHELL='/bin/bash'
STRIP=''
VERSION='0.1.0'
ac_ct_CC='gcc'
am__EXEEXT_FALSE=''
am__EXEEXT_TRUE='#'
am__fastdepCC_FALSE='#'
am__fastdepCC_TRUE=''
am__include='include'
am__isrc=''
am__leading_dot='.'
am__nodep='_no'
am__quote=''
am__tar='$${TAR-tar} chof - "$$tardir"'
am__untar='$${TAR-tar} xf -'
bindir='${exec_prefix}/bin'
build='x86_64-unknown-linux-gnu'
build_alias=''
build_cpu='x86_64'
build_os='linux-gnu'
build_vendor='unknown'
datadir='${datarootdir}'
datarootdir='${prefix}/share'
docdir='${datarootdir}/doc/${PACKAGE}'
dvidir='${docdir}'
exec_prefix='${prefix}'
host='x86_64-unknown-linux-gnu'
host_alias=''
host_cpu='x86_64'
host_os='linux-gnu'
host_vendor='unknown'
htmldir='${docdir}'
includedir='${prefix}/include'
infodir='${datarootdir}/info'
install_sh='${SHELL} /mnt/d/Projets/tp_automated_watering/install-sh'
libdir='${exec_prefix}/lib'
libexecdir='${exec_prefix}/libexec'
localedir='${datarootdir}/locale'
localstatedir='${prefix}/var'
mandir='${datarootdir}/man'
mkdir_p='$(MKDIR_P)'
oldincludedir='/usr/include'
pdfdir='${docdir}'
prefix='/usr/local'
program_transform_name='s,x,x,'
psdir='${docdir}'
sbindir='${exec_prefix}/sbin'
sharedstatedir='${prefix}/com'
sysconfdir='${prefix}/etc'
target_alias=''

## ----------- ##
## confdefs.h. ##
## ----------- ##

/* confdefs.h */
#define PACKAGE_NAME ""
#define PACKAGE_TARNAME ""
#define PACKAGE_VERSION ""
#define PACKAGE_STRING ""
#define PACKAGE_BUGREPORT ""
#define PACKAGE_URL ""
#define PACKAGE "tp_automated_watering"
#define VERSION "0.1.0"
#define STDC_HEADERS 1
#define HAVE_SYS_TYPES_H 1
#define HAVE_SYS_STAT_H 1
#define HAVE_STDLIB_H 1
#define HAVE_STRING_H 1
#define HAVE_MEMORY_H 1
#define HAVE_STRINGS_H 1
#define HAVE_INTTYPES_H 1
#define HAVE_STDINT_H 1
#define HAVE_UNISTD_H 1
#define HAVE_UNISTD_H 1
#define HAVE_SYS_PARAM_H 1
#define HAVE_SYS_TIME_H 1
#define HAVE_TIME_H 1
#define HAVE_SYS_SYSMACROS_H 1
#define HAVE_STRING_H 1
#define HAVE_MEMORY_H 1
#define HAVE_FCNTL_H 1
#define HAVE_DIRENT_H 1
#define HAVE_ALLOCA_H 1
#define HAVE_LOCALE_H 1
#define TIME_WITH_SYS_TIME 1
#define HAVE_UTIME_H 1
#define HAVE_STRUCT_UTIMBUF 1
#define HAVE_ALLOCA_H 1
#define HAVE_ALLOCA 1
#define HAVE_STRUCT_STAT_ST_BLOCKS 1
#define HAVE_ST_BLOCKS 1
#define HAVE_DIRENT_H 1
#define HAVE_MKFIFO 1

configure: exit 0

## ---------------------- ##
## Running config.status. ##
## ---------------------- ##

This file was extended by config.status, which was
generated by GNU Autoconf 2.69.  Invocation command line was

  CONFIG_FILES    = 
  CONFIG_HEADERS  = 
  CONFIG_LINKS    = 
  CONFIG_COMMANDS = 
  $ ./config.status 

on LAPTOP-BRUNO-BU

config.status:884: creating Makefile
config.status:884: creating tp_automated_watering.lsm
config.status:884: creating tp_automated_watering.spec
config.status:884: creating config.h
config.status:1065: config.h is unchanged
config.status:1113: executing depfiles commands

## ---------------------- ##
## Running config.status. ##
## ---------------------- ##

This file was extended by config.status, which was
generated by GNU Autoconf 2.69.  Invocation command line was

  CONFIG_FILES    = 
  CONFIG_HEADERS  = 
  CONFIG_LINKS    = 
  CONFIG_COMMANDS = 
  $ ./config.status config.h

on LAPTOP-BRUNO-BU

config.status:884: creating config.h
